Created by PLY version 3.11 (http://www.dabeaz.com/ply)

Grammar

Rule 0     S' -> statement
Rule 1     statement -> MENOR RESERVADA DOCTYPE DOCTYPE MAYOR MENOR IDENTIFICADOR MAYOR MENOR IDENTIFICADOR MAYOR MENOR IDENTIFICADOR MAYOR RESERVADA RESERVADA RESERVADA MENOR FIN IDENTIFICADOR MAYOR MENOR FIN IDENTIFICADOR MAYOR MENOR IDENTIFICADOR MAYOR MENOR IDENTIFICADOR MAYOR RESERVADA RESERVADA RESERVADA MENOR FIN IDENTIFICADOR MAYOR MENOR FIN IDENTIFICADOR MAYOR MENOR FIN IDENTIFICADOR MAYOR

Terminals, with rules where they appear

DOCTYPE              : 1 1
FIN                  : 1 1 1 1 1
IDENTIFICADOR        : 1 1 1 1 1 1 1 1 1 1
MAYOR                : 1 1 1 1 1 1 1 1 1 1 1
MENOR                : 1 1 1 1 1 1 1 1 1 1 1
RESERVADA            : 1 1 1 1 1 1 1
error                : 

Nonterminals, with rules where they appear

statement            : 0

Parsing method: LALR

state 0

    (0) S' -> . statement
    (1) statement -> . MENOR RESERVADA DOCTYPE DOCTYPE MAYOR MENOR IDENTIFICADOR MAYOR MENOR IDENTIFICADOR MAYOR MENOR IDENTIFICADOR MAYOR RESERVADA RESERVADA RESERVADA MENOR FIN IDENTIFICADOR MAYOR MENOR FIN IDENTIFICADOR MAYOR MENOR IDENTIFICADOR MAYOR MENOR IDENTIFICADOR MAYOR RESERVADA RESERVADA RESERVADA MENOR FIN IDENTIFICADOR MAYOR MENOR FIN IDENTIFICADOR MAYOR MENOR FIN IDENTIFICADOR MAYOR

    MENOR           shift and go to state 2

    statement                      shift and go to state 1

state 1

    (0) S' -> statement .



state 2

    (1) statement -> MENOR . RESERVADA DOCTYPE DOCTYPE MAYOR MENOR IDENTIFICADOR MAYOR MENOR IDENTIFICADOR MAYOR MENOR IDENTIFICADOR MAYOR RESERVADA RESERVADA RESERVADA MENOR FIN IDENTIFICADOR MAYOR MENOR FIN IDENTIFICADOR MAYOR MENOR IDENTIFICADOR MAYOR MENOR IDENTIFICADOR MAYOR RESERVADA RESERVADA RESERVADA MENOR FIN IDENTIFICADOR MAYOR MENOR FIN IDENTIFICADOR MAYOR MENOR FIN IDENTIFICADOR MAYOR

    RESERVADA       shift and go to state 3


state 3

    (1) statement -> MENOR RESERVADA . DOCTYPE DOCTYPE MAYOR MENOR IDENTIFICADOR MAYOR MENOR IDENTIFICADOR MAYOR MENOR IDENTIFICADOR MAYOR RESERVADA RESERVADA RESERVADA MENOR FIN IDENTIFICADOR MAYOR MENOR FIN IDENTIFICADOR MAYOR MENOR IDENTIFICADOR MAYOR MENOR IDENTIFICADOR MAYOR RESERVADA RESERVADA RESERVADA MENOR FIN IDENTIFICADOR MAYOR MENOR FIN IDENTIFICADOR MAYOR MENOR FIN IDENTIFICADOR MAYOR

    DOCTYPE         shift and go to state 4


state 4

    (1) statement -> MENOR RESERVADA DOCTYPE . DOCTYPE MAYOR MENOR IDENTIFICADOR MAYOR MENOR IDENTIFICADOR MAYOR MENOR IDENTIFICADOR MAYOR RESERVADA RESERVADA RESERVADA MENOR FIN IDENTIFICADOR MAYOR MENOR FIN IDENTIFICADOR MAYOR MENOR IDENTIFICADOR MAYOR MENOR IDENTIFICADOR MAYOR RESERVADA RESERVADA RESERVADA MENOR FIN IDENTIFICADOR MAYOR MENOR FIN IDENTIFICADOR MAYOR MENOR FIN IDENTIFICADOR MAYOR

    DOCTYPE         shift and go to state 5


state 5

    (1) statement -> MENOR RESERVADA DOCTYPE DOCTYPE . MAYOR MENOR IDENTIFICADOR MAYOR MENOR IDENTIFICADOR MAYOR MENOR IDENTIFICADOR MAYOR RESERVADA RESERVADA RESERVADA MENOR FIN IDENTIFICADOR MAYOR MENOR FIN IDENTIFICADOR MAYOR MENOR IDENTIFICADOR MAYOR MENOR IDENTIFICADOR MAYOR RESERVADA RESERVADA RESERVADA MENOR FIN IDENTIFICADOR MAYOR MENOR FIN IDENTIFICADOR MAYOR MENOR FIN IDENTIFICADOR MAYOR

    MAYOR           shift and go to state 6


state 6

    (1) statement -> MENOR RESERVADA DOCTYPE DOCTYPE MAYOR . MENOR IDENTIFICADOR MAYOR MENOR IDENTIFICADOR MAYOR MENOR IDENTIFICADOR MAYOR RESERVADA RESERVADA RESERVADA MENOR FIN IDENTIFICADOR MAYOR MENOR FIN IDENTIFICADOR MAYOR MENOR IDENTIFICADOR MAYOR MENOR IDENTIFICADOR MAYOR RESERVADA RESERVADA RESERVADA MENOR FIN IDENTIFICADOR MAYOR MENOR FIN IDENTIFICADOR MAYOR MENOR FIN IDENTIFICADOR MAYOR

    MENOR           shift and go to state 7


state 7

    (1) statement -> MENOR RESERVADA DOCTYPE DOCTYPE MAYOR MENOR . IDENTIFICADOR MAYOR MENOR IDENTIFICADOR MAYOR MENOR IDENTIFICADOR MAYOR RESERVADA RESERVADA RESERVADA MENOR FIN IDENTIFICADOR MAYOR MENOR FIN IDENTIFICADOR MAYOR MENOR IDENTIFICADOR MAYOR MENOR IDENTIFICADOR MAYOR RESERVADA RESERVADA RESERVADA MENOR FIN IDENTIFICADOR MAYOR MENOR FIN IDENTIFICADOR MAYOR MENOR FIN IDENTIFICADOR MAYOR

    IDENTIFICADOR   shift and go to state 8


state 8

    (1) statement -> MENOR RESERVADA DOCTYPE DOCTYPE MAYOR MENOR IDENTIFICADOR . MAYOR MENOR IDENTIFICADOR MAYOR MENOR IDENTIFICADOR MAYOR RESERVADA RESERVADA RESERVADA MENOR FIN IDENTIFICADOR MAYOR MENOR FIN IDENTIFICADOR MAYOR MENOR IDENTIFICADOR MAYOR MENOR IDENTIFICADOR MAYOR RESERVADA RESERVADA RESERVADA MENOR FIN IDENTIFICADOR MAYOR MENOR FIN IDENTIFICADOR MAYOR MENOR FIN IDENTIFICADOR MAYOR

    MAYOR           shift and go to state 9


state 9

    (1) statement -> MENOR RESERVADA DOCTYPE DOCTYPE MAYOR MENOR IDENTIFICADOR MAYOR . MENOR IDENTIFICADOR MAYOR MENOR IDENTIFICADOR MAYOR RESERVADA RESERVADA RESERVADA MENOR FIN IDENTIFICADOR MAYOR MENOR FIN IDENTIFICADOR MAYOR MENOR IDENTIFICADOR MAYOR MENOR IDENTIFICADOR MAYOR RESERVADA RESERVADA RESERVADA MENOR FIN IDENTIFICADOR MAYOR MENOR FIN IDENTIFICADOR MAYOR MENOR FIN IDENTIFICADOR MAYOR

    MENOR           shift and go to state 10


state 10

    (1) statement -> MENOR RESERVADA DOCTYPE DOCTYPE MAYOR MENOR IDENTIFICADOR MAYOR MENOR . IDENTIFICADOR MAYOR MENOR IDENTIFICADOR MAYOR RESERVADA RESERVADA RESERVADA MENOR FIN IDENTIFICADOR MAYOR MENOR FIN IDENTIFICADOR MAYOR MENOR IDENTIFICADOR MAYOR MENOR IDENTIFICADOR MAYOR RESERVADA RESERVADA RESERVADA MENOR FIN IDENTIFICADOR MAYOR MENOR FIN IDENTIFICADOR MAYOR MENOR FIN IDENTIFICADOR MAYOR

    IDENTIFICADOR   shift and go to state 11


state 11

    (1) statement -> MENOR RESERVADA DOCTYPE DOCTYPE MAYOR MENOR IDENTIFICADOR MAYOR MENOR IDENTIFICADOR . MAYOR MENOR IDENTIFICADOR MAYOR RESERVADA RESERVADA RESERVADA MENOR FIN IDENTIFICADOR MAYOR MENOR FIN IDENTIFICADOR MAYOR MENOR IDENTIFICADOR MAYOR MENOR IDENTIFICADOR MAYOR RESERVADA RESERVADA RESERVADA MENOR FIN IDENTIFICADOR MAYOR MENOR FIN IDENTIFICADOR MAYOR MENOR FIN IDENTIFICADOR MAYOR

    MAYOR           shift and go to state 12


state 12

    (1) statement -> MENOR RESERVADA DOCTYPE DOCTYPE MAYOR MENOR IDENTIFICADOR MAYOR MENOR IDENTIFICADOR MAYOR . MENOR IDENTIFICADOR MAYOR RESERVADA RESERVADA RESERVADA MENOR FIN IDENTIFICADOR MAYOR MENOR FIN IDENTIFICADOR MAYOR MENOR IDENTIFICADOR MAYOR MENOR IDENTIFICADOR MAYOR RESERVADA RESERVADA RESERVADA MENOR FIN IDENTIFICADOR MAYOR MENOR FIN IDENTIFICADOR MAYOR MENOR FIN IDENTIFICADOR MAYOR

    MENOR           shift and go to state 13


state 13

    (1) statement -> MENOR RESERVADA DOCTYPE DOCTYPE MAYOR MENOR IDENTIFICADOR MAYOR MENOR IDENTIFICADOR MAYOR MENOR . IDENTIFICADOR MAYOR RESERVADA RESERVADA RESERVADA MENOR FIN IDENTIFICADOR MAYOR MENOR FIN IDENTIFICADOR MAYOR MENOR IDENTIFICADOR MAYOR MENOR IDENTIFICADOR MAYOR RESERVADA RESERVADA RESERVADA MENOR FIN IDENTIFICADOR MAYOR MENOR FIN IDENTIFICADOR MAYOR MENOR FIN IDENTIFICADOR MAYOR

    IDENTIFICADOR   shift and go to state 14


state 14

    (1) statement -> MENOR RESERVADA DOCTYPE DOCTYPE MAYOR MENOR IDENTIFICADOR MAYOR MENOR IDENTIFICADOR MAYOR MENOR IDENTIFICADOR . MAYOR RESERVADA RESERVADA RESERVADA MENOR FIN IDENTIFICADOR MAYOR MENOR FIN IDENTIFICADOR MAYOR MENOR IDENTIFICADOR MAYOR MENOR IDENTIFICADOR MAYOR RESERVADA RESERVADA RESERVADA MENOR FIN IDENTIFICADOR MAYOR MENOR FIN IDENTIFICADOR MAYOR MENOR FIN IDENTIFICADOR MAYOR

    MAYOR           shift and go to state 15


state 15

    (1) statement -> MENOR RESERVADA DOCTYPE DOCTYPE MAYOR MENOR IDENTIFICADOR MAYOR MENOR IDENTIFICADOR MAYOR MENOR IDENTIFICADOR MAYOR . RESERVADA RESERVADA RESERVADA MENOR FIN IDENTIFICADOR MAYOR MENOR FIN IDENTIFICADOR MAYOR MENOR IDENTIFICADOR MAYOR MENOR IDENTIFICADOR MAYOR RESERVADA RESERVADA RESERVADA MENOR FIN IDENTIFICADOR MAYOR MENOR FIN IDENTIFICADOR MAYOR MENOR FIN IDENTIFICADOR MAYOR

    RESERVADA       shift and go to state 16


state 16

    (1) statement -> MENOR RESERVADA DOCTYPE DOCTYPE MAYOR MENOR IDENTIFICADOR MAYOR MENOR IDENTIFICADOR MAYOR MENOR IDENTIFICADOR MAYOR RESERVADA . RESERVADA RESERVADA MENOR FIN IDENTIFICADOR MAYOR MENOR FIN IDENTIFICADOR MAYOR MENOR IDENTIFICADOR MAYOR MENOR IDENTIFICADOR MAYOR RESERVADA RESERVADA RESERVADA MENOR FIN IDENTIFICADOR MAYOR MENOR FIN IDENTIFICADOR MAYOR MENOR FIN IDENTIFICADOR MAYOR

    RESERVADA       shift and go to state 17


state 17

    (1) statement -> MENOR RESERVADA DOCTYPE DOCTYPE MAYOR MENOR IDENTIFICADOR MAYOR MENOR IDENTIFICADOR MAYOR MENOR IDENTIFICADOR MAYOR RESERVADA RESERVADA . RESERVADA MENOR FIN IDENTIFICADOR MAYOR MENOR FIN IDENTIFICADOR MAYOR MENOR IDENTIFICADOR MAYOR MENOR IDENTIFICADOR MAYOR RESERVADA RESERVADA RESERVADA MENOR FIN IDENTIFICADOR MAYOR MENOR FIN IDENTIFICADOR MAYOR MENOR FIN IDENTIFICADOR MAYOR

    RESERVADA       shift and go to state 18


state 18

    (1) statement -> MENOR RESERVADA DOCTYPE DOCTYPE MAYOR MENOR IDENTIFICADOR MAYOR MENOR IDENTIFICADOR MAYOR MENOR IDENTIFICADOR MAYOR RESERVADA RESERVADA RESERVADA . MENOR FIN IDENTIFICADOR MAYOR MENOR FIN IDENTIFICADOR MAYOR MENOR IDENTIFICADOR MAYOR MENOR IDENTIFICADOR MAYOR RESERVADA RESERVADA RESERVADA MENOR FIN IDENTIFICADOR MAYOR MENOR FIN IDENTIFICADOR MAYOR MENOR FIN IDENTIFICADOR MAYOR

    MENOR           shift and go to state 19


state 19

    (1) statement -> MENOR RESERVADA DOCTYPE DOCTYPE MAYOR MENOR IDENTIFICADOR MAYOR MENOR IDENTIFICADOR MAYOR MENOR IDENTIFICADOR MAYOR RESERVADA RESERVADA RESERVADA MENOR . FIN IDENTIFICADOR MAYOR MENOR FIN IDENTIFICADOR MAYOR MENOR IDENTIFICADOR MAYOR MENOR IDENTIFICADOR MAYOR RESERVADA RESERVADA RESERVADA MENOR FIN IDENTIFICADOR MAYOR MENOR FIN IDENTIFICADOR MAYOR MENOR FIN IDENTIFICADOR MAYOR

    FIN             shift and go to state 20


state 20

    (1) statement -> MENOR RESERVADA DOCTYPE DOCTYPE MAYOR MENOR IDENTIFICADOR MAYOR MENOR IDENTIFICADOR MAYOR MENOR IDENTIFICADOR MAYOR RESERVADA RESERVADA RESERVADA MENOR FIN . IDENTIFICADOR MAYOR MENOR FIN IDENTIFICADOR MAYOR MENOR IDENTIFICADOR MAYOR MENOR IDENTIFICADOR MAYOR RESERVADA RESERVADA RESERVADA MENOR FIN IDENTIFICADOR MAYOR MENOR FIN IDENTIFICADOR MAYOR MENOR FIN IDENTIFICADOR MAYOR

    IDENTIFICADOR   shift and go to state 21


state 21

    (1) statement -> MENOR RESERVADA DOCTYPE DOCTYPE MAYOR MENOR IDENTIFICADOR MAYOR MENOR IDENTIFICADOR MAYOR MENOR IDENTIFICADOR MAYOR RESERVADA RESERVADA RESERVADA MENOR FIN IDENTIFICADOR . MAYOR MENOR FIN IDENTIFICADOR MAYOR MENOR IDENTIFICADOR MAYOR MENOR IDENTIFICADOR MAYOR RESERVADA RESERVADA RESERVADA MENOR FIN IDENTIFICADOR MAYOR MENOR FIN IDENTIFICADOR MAYOR MENOR FIN IDENTIFICADOR MAYOR

    MAYOR           shift and go to state 22


state 22

    (1) statement -> MENOR RESERVADA DOCTYPE DOCTYPE MAYOR MENOR IDENTIFICADOR MAYOR MENOR IDENTIFICADOR MAYOR MENOR IDENTIFICADOR MAYOR RESERVADA RESERVADA RESERVADA MENOR FIN IDENTIFICADOR MAYOR . MENOR FIN IDENTIFICADOR MAYOR MENOR IDENTIFICADOR MAYOR MENOR IDENTIFICADOR MAYOR RESERVADA RESERVADA RESERVADA MENOR FIN IDENTIFICADOR MAYOR MENOR FIN IDENTIFICADOR MAYOR MENOR FIN IDENTIFICADOR MAYOR

    MENOR           shift and go to state 23


state 23

    (1) statement -> MENOR RESERVADA DOCTYPE DOCTYPE MAYOR MENOR IDENTIFICADOR MAYOR MENOR IDENTIFICADOR MAYOR MENOR IDENTIFICADOR MAYOR RESERVADA RESERVADA RESERVADA MENOR FIN IDENTIFICADOR MAYOR MENOR . FIN IDENTIFICADOR MAYOR MENOR IDENTIFICADOR MAYOR MENOR IDENTIFICADOR MAYOR RESERVADA RESERVADA RESERVADA MENOR FIN IDENTIFICADOR MAYOR MENOR FIN IDENTIFICADOR MAYOR MENOR FIN IDENTIFICADOR MAYOR

    FIN             shift and go to state 24


state 24

    (1) statement -> MENOR RESERVADA DOCTYPE DOCTYPE MAYOR MENOR IDENTIFICADOR MAYOR MENOR IDENTIFICADOR MAYOR MENOR IDENTIFICADOR MAYOR RESERVADA RESERVADA RESERVADA MENOR FIN IDENTIFICADOR MAYOR MENOR FIN . IDENTIFICADOR MAYOR MENOR IDENTIFICADOR MAYOR MENOR IDENTIFICADOR MAYOR RESERVADA RESERVADA RESERVADA MENOR FIN IDENTIFICADOR MAYOR MENOR FIN IDENTIFICADOR MAYOR MENOR FIN IDENTIFICADOR MAYOR

    IDENTIFICADOR   shift and go to state 25


state 25

    (1) statement -> MENOR RESERVADA DOCTYPE DOCTYPE MAYOR MENOR IDENTIFICADOR MAYOR MENOR IDENTIFICADOR MAYOR MENOR IDENTIFICADOR MAYOR RESERVADA RESERVADA RESERVADA MENOR FIN IDENTIFICADOR MAYOR MENOR FIN IDENTIFICADOR . MAYOR MENOR IDENTIFICADOR MAYOR MENOR IDENTIFICADOR MAYOR RESERVADA RESERVADA RESERVADA MENOR FIN IDENTIFICADOR MAYOR MENOR FIN IDENTIFICADOR MAYOR MENOR FIN IDENTIFICADOR MAYOR

    MAYOR           shift and go to state 26


state 26

    (1) statement -> MENOR RESERVADA DOCTYPE DOCTYPE MAYOR MENOR IDENTIFICADOR MAYOR MENOR IDENTIFICADOR MAYOR MENOR IDENTIFICADOR MAYOR RESERVADA RESERVADA RESERVADA MENOR FIN IDENTIFICADOR MAYOR MENOR FIN IDENTIFICADOR MAYOR . MENOR IDENTIFICADOR MAYOR MENOR IDENTIFICADOR MAYOR RESERVADA RESERVADA RESERVADA MENOR FIN IDENTIFICADOR MAYOR MENOR FIN IDENTIFICADOR MAYOR MENOR FIN IDENTIFICADOR MAYOR

    MENOR           shift and go to state 27


state 27

    (1) statement -> MENOR RESERVADA DOCTYPE DOCTYPE MAYOR MENOR IDENTIFICADOR MAYOR MENOR IDENTIFICADOR MAYOR MENOR IDENTIFICADOR MAYOR RESERVADA RESERVADA RESERVADA MENOR FIN IDENTIFICADOR MAYOR MENOR FIN IDENTIFICADOR MAYOR MENOR . IDENTIFICADOR MAYOR MENOR IDENTIFICADOR MAYOR RESERVADA RESERVADA RESERVADA MENOR FIN IDENTIFICADOR MAYOR MENOR FIN IDENTIFICADOR MAYOR MENOR FIN IDENTIFICADOR MAYOR

    IDENTIFICADOR   shift and go to state 28


state 28

    (1) statement -> MENOR RESERVADA DOCTYPE DOCTYPE MAYOR MENOR IDENTIFICADOR MAYOR MENOR IDENTIFICADOR MAYOR MENOR IDENTIFICADOR MAYOR RESERVADA RESERVADA RESERVADA MENOR FIN IDENTIFICADOR MAYOR MENOR FIN IDENTIFICADOR MAYOR MENOR IDENTIFICADOR . MAYOR MENOR IDENTIFICADOR MAYOR RESERVADA RESERVADA RESERVADA MENOR FIN IDENTIFICADOR MAYOR MENOR FIN IDENTIFICADOR MAYOR MENOR FIN IDENTIFICADOR MAYOR

    MAYOR           shift and go to state 29


state 29

    (1) statement -> MENOR RESERVADA DOCTYPE DOCTYPE MAYOR MENOR IDENTIFICADOR MAYOR MENOR IDENTIFICADOR MAYOR MENOR IDENTIFICADOR MAYOR RESERVADA RESERVADA RESERVADA MENOR FIN IDENTIFICADOR MAYOR MENOR FIN IDENTIFICADOR MAYOR MENOR IDENTIFICADOR MAYOR . MENOR IDENTIFICADOR MAYOR RESERVADA RESERVADA RESERVADA MENOR FIN IDENTIFICADOR MAYOR MENOR FIN IDENTIFICADOR MAYOR MENOR FIN IDENTIFICADOR MAYOR

    MENOR           shift and go to state 30


state 30

    (1) statement -> MENOR RESERVADA DOCTYPE DOCTYPE MAYOR MENOR IDENTIFICADOR MAYOR MENOR IDENTIFICADOR MAYOR MENOR IDENTIFICADOR MAYOR RESERVADA RESERVADA RESERVADA MENOR FIN IDENTIFICADOR MAYOR MENOR FIN IDENTIFICADOR MAYOR MENOR IDENTIFICADOR MAYOR MENOR . IDENTIFICADOR MAYOR RESERVADA RESERVADA RESERVADA MENOR FIN IDENTIFICADOR MAYOR MENOR FIN IDENTIFICADOR MAYOR MENOR FIN IDENTIFICADOR MAYOR

    IDENTIFICADOR   shift and go to state 31


state 31

    (1) statement -> MENOR RESERVADA DOCTYPE DOCTYPE MAYOR MENOR IDENTIFICADOR MAYOR MENOR IDENTIFICADOR MAYOR MENOR IDENTIFICADOR MAYOR RESERVADA RESERVADA RESERVADA MENOR FIN IDENTIFICADOR MAYOR MENOR FIN IDENTIFICADOR MAYOR MENOR IDENTIFICADOR MAYOR MENOR IDENTIFICADOR . MAYOR RESERVADA RESERVADA RESERVADA MENOR FIN IDENTIFICADOR MAYOR MENOR FIN IDENTIFICADOR MAYOR MENOR FIN IDENTIFICADOR MAYOR

    MAYOR           shift and go to state 32


state 32

    (1) statement -> MENOR RESERVADA DOCTYPE DOCTYPE MAYOR MENOR IDENTIFICADOR MAYOR MENOR IDENTIFICADOR MAYOR MENOR IDENTIFICADOR MAYOR RESERVADA RESERVADA RESERVADA MENOR FIN IDENTIFICADOR MAYOR MENOR FIN IDENTIFICADOR MAYOR MENOR IDENTIFICADOR MAYOR MENOR IDENTIFICADOR MAYOR . RESERVADA RESERVADA RESERVADA MENOR FIN IDENTIFICADOR MAYOR MENOR FIN IDENTIFICADOR MAYOR MENOR FIN IDENTIFICADOR MAYOR

    RESERVADA       shift and go to state 33


state 33

    (1) statement -> MENOR RESERVADA DOCTYPE DOCTYPE MAYOR MENOR IDENTIFICADOR MAYOR MENOR IDENTIFICADOR MAYOR MENOR IDENTIFICADOR MAYOR RESERVADA RESERVADA RESERVADA MENOR FIN IDENTIFICADOR MAYOR MENOR FIN IDENTIFICADOR MAYOR MENOR IDENTIFICADOR MAYOR MENOR IDENTIFICADOR MAYOR RESERVADA . RESERVADA RESERVADA MENOR FIN IDENTIFICADOR MAYOR MENOR FIN IDENTIFICADOR MAYOR MENOR FIN IDENTIFICADOR MAYOR

    RESERVADA       shift and go to state 34


state 34

    (1) statement -> MENOR RESERVADA DOCTYPE DOCTYPE MAYOR MENOR IDENTIFICADOR MAYOR MENOR IDENTIFICADOR MAYOR MENOR IDENTIFICADOR MAYOR RESERVADA RESERVADA RESERVADA MENOR FIN IDENTIFICADOR MAYOR MENOR FIN IDENTIFICADOR MAYOR MENOR IDENTIFICADOR MAYOR MENOR IDENTIFICADOR MAYOR RESERVADA RESERVADA . RESERVADA MENOR FIN IDENTIFICADOR MAYOR MENOR FIN IDENTIFICADOR MAYOR MENOR FIN IDENTIFICADOR MAYOR

    RESERVADA       shift and go to state 35


state 35

    (1) statement -> MENOR RESERVADA DOCTYPE DOCTYPE MAYOR MENOR IDENTIFICADOR MAYOR MENOR IDENTIFICADOR MAYOR MENOR IDENTIFICADOR MAYOR RESERVADA RESERVADA RESERVADA MENOR FIN IDENTIFICADOR MAYOR MENOR FIN IDENTIFICADOR MAYOR MENOR IDENTIFICADOR MAYOR MENOR IDENTIFICADOR MAYOR RESERVADA RESERVADA RESERVADA . MENOR FIN IDENTIFICADOR MAYOR MENOR FIN IDENTIFICADOR MAYOR MENOR FIN IDENTIFICADOR MAYOR

    MENOR           shift and go to state 36


state 36

    (1) statement -> MENOR RESERVADA DOCTYPE DOCTYPE MAYOR MENOR IDENTIFICADOR MAYOR MENOR IDENTIFICADOR MAYOR MENOR IDENTIFICADOR MAYOR RESERVADA RESERVADA RESERVADA MENOR FIN IDENTIFICADOR MAYOR MENOR FIN IDENTIFICADOR MAYOR MENOR IDENTIFICADOR MAYOR MENOR IDENTIFICADOR MAYOR RESERVADA RESERVADA RESERVADA MENOR . FIN IDENTIFICADOR MAYOR MENOR FIN IDENTIFICADOR MAYOR MENOR FIN IDENTIFICADOR MAYOR

    FIN             shift and go to state 37


state 37

    (1) statement -> MENOR RESERVADA DOCTYPE DOCTYPE MAYOR MENOR IDENTIFICADOR MAYOR MENOR IDENTIFICADOR MAYOR MENOR IDENTIFICADOR MAYOR RESERVADA RESERVADA RESERVADA MENOR FIN IDENTIFICADOR MAYOR MENOR FIN IDENTIFICADOR MAYOR MENOR IDENTIFICADOR MAYOR MENOR IDENTIFICADOR MAYOR RESERVADA RESERVADA RESERVADA MENOR FIN . IDENTIFICADOR MAYOR MENOR FIN IDENTIFICADOR MAYOR MENOR FIN IDENTIFICADOR MAYOR

    IDENTIFICADOR   shift and go to state 38


state 38

    (1) statement -> MENOR RESERVADA DOCTYPE DOCTYPE MAYOR MENOR IDENTIFICADOR MAYOR MENOR IDENTIFICADOR MAYOR MENOR IDENTIFICADOR MAYOR RESERVADA RESERVADA RESERVADA MENOR FIN IDENTIFICADOR MAYOR MENOR FIN IDENTIFICADOR MAYOR MENOR IDENTIFICADOR MAYOR MENOR IDENTIFICADOR MAYOR RESERVADA RESERVADA RESERVADA MENOR FIN IDENTIFICADOR . MAYOR MENOR FIN IDENTIFICADOR MAYOR MENOR FIN IDENTIFICADOR MAYOR

    MAYOR           shift and go to state 39


state 39

    (1) statement -> MENOR RESERVADA DOCTYPE DOCTYPE MAYOR MENOR IDENTIFICADOR MAYOR MENOR IDENTIFICADOR MAYOR MENOR IDENTIFICADOR MAYOR RESERVADA RESERVADA RESERVADA MENOR FIN IDENTIFICADOR MAYOR MENOR FIN IDENTIFICADOR MAYOR MENOR IDENTIFICADOR MAYOR MENOR IDENTIFICADOR MAYOR RESERVADA RESERVADA RESERVADA MENOR FIN IDENTIFICADOR MAYOR . MENOR FIN IDENTIFICADOR MAYOR MENOR FIN IDENTIFICADOR MAYOR

    MENOR           shift and go to state 40


state 40

    (1) statement -> MENOR RESERVADA DOCTYPE DOCTYPE MAYOR MENOR IDENTIFICADOR MAYOR MENOR IDENTIFICADOR MAYOR MENOR IDENTIFICADOR MAYOR RESERVADA RESERVADA RESERVADA MENOR FIN IDENTIFICADOR MAYOR MENOR FIN IDENTIFICADOR MAYOR MENOR IDENTIFICADOR MAYOR MENOR IDENTIFICADOR MAYOR RESERVADA RESERVADA RESERVADA MENOR FIN IDENTIFICADOR MAYOR MENOR . FIN IDENTIFICADOR MAYOR MENOR FIN IDENTIFICADOR MAYOR

    FIN             shift and go to state 41


state 41

    (1) statement -> MENOR RESERVADA DOCTYPE DOCTYPE MAYOR MENOR IDENTIFICADOR MAYOR MENOR IDENTIFICADOR MAYOR MENOR IDENTIFICADOR MAYOR RESERVADA RESERVADA RESERVADA MENOR FIN IDENTIFICADOR MAYOR MENOR FIN IDENTIFICADOR MAYOR MENOR IDENTIFICADOR MAYOR MENOR IDENTIFICADOR MAYOR RESERVADA RESERVADA RESERVADA MENOR FIN IDENTIFICADOR MAYOR MENOR FIN . IDENTIFICADOR MAYOR MENOR FIN IDENTIFICADOR MAYOR

    IDENTIFICADOR   shift and go to state 42


state 42

    (1) statement -> MENOR RESERVADA DOCTYPE DOCTYPE MAYOR MENOR IDENTIFICADOR MAYOR MENOR IDENTIFICADOR MAYOR MENOR IDENTIFICADOR MAYOR RESERVADA RESERVADA RESERVADA MENOR FIN IDENTIFICADOR MAYOR MENOR FIN IDENTIFICADOR MAYOR MENOR IDENTIFICADOR MAYOR MENOR IDENTIFICADOR MAYOR RESERVADA RESERVADA RESERVADA MENOR FIN IDENTIFICADOR MAYOR MENOR FIN IDENTIFICADOR . MAYOR MENOR FIN IDENTIFICADOR MAYOR

    MAYOR           shift and go to state 43


state 43

    (1) statement -> MENOR RESERVADA DOCTYPE DOCTYPE MAYOR MENOR IDENTIFICADOR MAYOR MENOR IDENTIFICADOR MAYOR MENOR IDENTIFICADOR MAYOR RESERVADA RESERVADA RESERVADA MENOR FIN IDENTIFICADOR MAYOR MENOR FIN IDENTIFICADOR MAYOR MENOR IDENTIFICADOR MAYOR MENOR IDENTIFICADOR MAYOR RESERVADA RESERVADA RESERVADA MENOR FIN IDENTIFICADOR MAYOR MENOR FIN IDENTIFICADOR MAYOR . MENOR FIN IDENTIFICADOR MAYOR

    MENOR           shift and go to state 44


state 44

    (1) statement -> MENOR RESERVADA DOCTYPE DOCTYPE MAYOR MENOR IDENTIFICADOR MAYOR MENOR IDENTIFICADOR MAYOR MENOR IDENTIFICADOR MAYOR RESERVADA RESERVADA RESERVADA MENOR FIN IDENTIFICADOR MAYOR MENOR FIN IDENTIFICADOR MAYOR MENOR IDENTIFICADOR MAYOR MENOR IDENTIFICADOR MAYOR RESERVADA RESERVADA RESERVADA MENOR FIN IDENTIFICADOR MAYOR MENOR FIN IDENTIFICADOR MAYOR MENOR . FIN IDENTIFICADOR MAYOR

    FIN             shift and go to state 45


state 45

    (1) statement -> MENOR RESERVADA DOCTYPE DOCTYPE MAYOR MENOR IDENTIFICADOR MAYOR MENOR IDENTIFICADOR MAYOR MENOR IDENTIFICADOR MAYOR RESERVADA RESERVADA RESERVADA MENOR FIN IDENTIFICADOR MAYOR MENOR FIN IDENTIFICADOR MAYOR MENOR IDENTIFICADOR MAYOR MENOR IDENTIFICADOR MAYOR RESERVADA RESERVADA RESERVADA MENOR FIN IDENTIFICADOR MAYOR MENOR FIN IDENTIFICADOR MAYOR MENOR FIN . IDENTIFICADOR MAYOR

    IDENTIFICADOR   shift and go to state 46


state 46

    (1) statement -> MENOR RESERVADA DOCTYPE DOCTYPE MAYOR MENOR IDENTIFICADOR MAYOR MENOR IDENTIFICADOR MAYOR MENOR IDENTIFICADOR MAYOR RESERVADA RESERVADA RESERVADA MENOR FIN IDENTIFICADOR MAYOR MENOR FIN IDENTIFICADOR MAYOR MENOR IDENTIFICADOR MAYOR MENOR IDENTIFICADOR MAYOR RESERVADA RESERVADA RESERVADA MENOR FIN IDENTIFICADOR MAYOR MENOR FIN IDENTIFICADOR MAYOR MENOR FIN IDENTIFICADOR . MAYOR

    MAYOR           shift and go to state 47


state 47

    (1) statement -> MENOR RESERVADA DOCTYPE DOCTYPE MAYOR MENOR IDENTIFICADOR MAYOR MENOR IDENTIFICADOR MAYOR MENOR IDENTIFICADOR MAYOR RESERVADA RESERVADA RESERVADA MENOR FIN IDENTIFICADOR MAYOR MENOR FIN IDENTIFICADOR MAYOR MENOR IDENTIFICADOR MAYOR MENOR IDENTIFICADOR MAYOR RESERVADA RESERVADA RESERVADA MENOR FIN IDENTIFICADOR MAYOR MENOR FIN IDENTIFICADOR MAYOR MENOR FIN IDENTIFICADOR MAYOR .

    $end            reduce using rule 1 (statement -> MENOR RESERVADA DOCTYPE DOCTYPE MAYOR MENOR IDENTIFICADOR MAYOR MENOR IDENTIFICADOR MAYOR MENOR IDENTIFICADOR MAYOR RESERVADA RESERVADA RESERVADA MENOR FIN IDENTIFICADOR MAYOR MENOR FIN IDENTIFICADOR MAYOR MENOR IDENTIFICADOR MAYOR MENOR IDENTIFICADOR MAYOR RESERVADA RESERVADA RESERVADA MENOR FIN IDENTIFICADOR MAYOR MENOR FIN IDENTIFICADOR MAYOR MENOR FIN IDENTIFICADOR MAYOR .)

